<?xml version="1.0" encoding="UTF-8"?>
<testsuite xmlns:xsi="http://www.w3.org/2001/XMLSchema-instance" xsi:noNamespaceSchemaLocation="https://maven.apache.org/surefire/maven-surefire-plugin/xsd/surefire-test-report-3.0.xsd" version="3.0" name="com.example.springdeploy.SpringDeployApplicationTests" time="0.093" tests="1" errors="0" skipped="0" failures="0">
  <properties>
[...]
</properties>
  <testcase name="contextLoads" classname="com.example.springdeploy.SpringDeployApplicationTests" time="0.058">
    <system-out><![CDATA[PATH C:\Program Files\Common Files\Oracle\Java\javapath;C:\Windows\system32;C:\Windows;C:\Windows\System32\Wbem;C:\Windows\System32\WindowsPowerShell\v1.0\;C:\Windows\System32\OpenSSH\;C:\Program Files\Java\jdk-21\bin;C:\Program Files\Maven\apache-maven-3.9.6\bin;C:\Program Files\Git\cmd;C:\Users\Josep\AppData\Local\Microsoft\WindowsApps;;C:\Users\Josep\AppData\Local\Programs\Microsoft VS Code\bin
USERDOMAIN_ROAMINGPROFILE DESKTOP-FD0MJBF
LOCALAPPDATA C:\Users\Josep\AppData\Local
PROCESSOR_LEVEL 6
SYSTEMDRIVE C:
COMMONPROGRAMFILES(X86) C:\Program Files (x86)\Common Files
USERDOMAIN DESKTOP-FD0MJBF
FPS_BROWSER_APP_PROFILE_STRING Internet Explorer
LOGONSERVER \\DESKTOP-FD0MJBF
JAVA_HOME C:\Program Files\Java\jdk-21
PROMPT $P$G
SESSIONNAME Console
ALLUSERSPROFILE C:\ProgramData
PROGRAMFILES(X86) C:\Program Files (x86)
PROCESSOR_ARCHITECTURE AMD64
DRIVERDATA C:\Windows\System32\Drivers\DriverData
MAVEN_HOME C:\Program Files\Maven\apache-maven-3.9.6
PROGRAMFILES C:\Program Files
=C: C:\Users\Josep\Downloads\spring-deploy
APPDATA C:\Users\Josep\AppData\Roaming
PSMODULEPATH C:\Program Files\WindowsPowerShell\Modules;C:\Windows\system32\WindowsPowerShell\v1.0\Modules
PROGRAMW6432 C:\Program Files
PROGRAMDATA C:\ProgramData
SYSTEMROOT C:\Windows
USERNAME Josep
FPS_BROWSER_USER_PROFILE_STRING Default
ONEDRIVE C:\Users\Josep\OneDrive
PATHEXT .COM;.EXE;.BAT;.CMD;.VBS;.VBE;.JS;.JSE;.WSF;.WSH;.MSC
OS Windows_NT
COMMONPROGRAMW6432 C:\Program Files\Common Files
COMPUTERNAME DESKTOP-FD0MJBF
COMMONPROGRAMFILES C:\Program Files\Common Files
COMSPEC C:\Windows\system32\cmd.exe
PROCESSOR_REVISION 3c03
WINDIR C:\Windows
HOMEPATH \Users\Josep
TEMP C:\Users\Josep\AppData\Local\Temp
HOMEDRIVE C:
PROCESSOR_IDENTIFIER Intel64 Family 6 Model 60 Stepping 3, GenuineIntel
USERPROFILE C:\Users\Josep
TMP C:\Users\Josep\AppData\Local\Temp
PUBLIC C:\Users\Public
NUMBER_OF_PROCESSORS 4
=:: ::\
IDEA_INITIAL_DIRECTORY C:\Program Files\JetBrains\IntelliJ IDEA 2023.2.5\bin
]]></system-out>
  </testcase>
</testsuite>